<?xml version="1.0" encoding="UTF-8"?>
<testsuite xmlns:xsi="http://www.w3.org/2001/XMLSchema-instance" xsi:noNamespaceSchemaLocation="https://maven.apache.org/surefire/maven-surefire-plugin/xsd/surefire-test-report.xsd" version="3.0.2" name="com.bitzomax.BitzomaxIntegrationTest" time="1.049" tests="3" errors="0" skipped="0" failures="0">
  <properties>
[...]
</properties>
  <testcase name="videoServiceOperationsWork" classname="com.bitzomax.BitzomaxIntegrationTest" time="0.113">
    <system-out><![CDATA[2025-05-18T23:25:21.998+02:00  INFO 11560 --- [bitzomax] [           main] t.c.s.AnnotationConfigContextLoaderUtils : Could not detect default configuration classes for test class [com.bitzomax.BitzomaxIntegrationTest]: BitzomaxIntegrationTest does not declare any static, non-private, non-final, nested classes annotated with @Configuration.
2025-05-18T23:25:22.012+02:00  INFO 11560 --- [bitzomax] [           main] .b.t.c.SpringBootTestContextBootstrapper : Found @SpringBootConfiguration com.bitzomax.BitzomaxApplication for test class com.bitzomax.BitzomaxIntegrationTest
2025-05-18T23:25:22.018+02:00  INFO 11560 --- [bitzomax] [           main] o.s.b.d.r.RestartApplicationListener     : Restart disabled due to context in which it is running

  .   ____          _            __ _ _
 /\\ / ___'_ __ _ _(_)_ __  __ _ \ \ \ \
( ( )\___ | '_ | '_| | '_ \/ _` | \ \ \ \
 \\/  ___)| |_)| | | | | || (_| |  ) ) ) )
  '  |____| .__|_| |_|_| |_\__, | / / / /
 =========|_|==============|___/=/_/_/_/

 :: Spring Boot ::                (v3.4.5)

2025-05-18T23:25:22.057+02:00  INFO 11560 --- [bitzomax] [           main] com.bitzomax.BitzomaxIntegrationTest     : Starting BitzomaxIntegrationTest using Java 21.0.6 with PID 11560 (started by !Max in C:\Users\31623\Documents\My-Projecten\bitzimax-v3\backend)
2025-05-18T23:25:22.059+02:00  INFO 11560 --- [bitzomax] [           main] com.bitzomax.BitzomaxIntegrationTest     : The following 1 profile is active: "test"
2025-05-18T23:25:22.265+02:00  INFO 11560 --- [bitzomax] [           main] .s.d.r.c.RepositoryConfigurationDelegate : Bootstrapping Spring Data JPA repositories in DEFAULT mode.
2025-05-18T23:25:22.286+02:00  INFO 11560 --- [bitzomax] [           main] .s.d.r.c.RepositoryConfigurationDelegate : Finished Spring Data repository scanning in 19 ms. Found 7 JPA repository interfaces.
2025-05-18T23:25:22.365+02:00  INFO 11560 --- [bitzomax] [           main] o.hibernate.jpa.internal.util.LogHelper  : HHH000204: Processing PersistenceUnitInfo [name: default]
2025-05-18T23:25:22.368+02:00  INFO 11560 --- [bitzomax] [           main] o.h.c.internal.RegionFactoryInitiator    : HHH000026: Second-level cache disabled
2025-05-18T23:25:22.376+02:00  INFO 11560 --- [bitzomax] [           main] o.s.o.j.p.SpringPersistenceUnitInfo      : No LoadTimeWeaver setup: ignoring JPA class transformer
2025-05-18T23:25:22.378+02:00  INFO 11560 --- [bitzomax] [           main] com.zaxxer.hikari.HikariDataSource       : HikariPool-2 - Starting...
2025-05-18T23:25:22.380+02:00  INFO 11560 --- [bitzomax] [           main] com.zaxxer.hikari.pool.HikariPool        : HikariPool-2 - Added connection conn10: url=jdbc:h2:mem:testdb user=SA
2025-05-18T23:25:22.381+02:00  INFO 11560 --- [bitzomax] [           main] com.zaxxer.hikari.HikariDataSource       : HikariPool-2 - Start completed.
2025-05-18T23:25:22.381+02:00  WARN 11560 --- [bitzomax] [           main] org.hibernate.orm.deprecation            : HHH90000025: H2Dialect does not need to be specified explicitly using 'hibernate.dialect' (remove the property setting and it will be selected by default)
2025-05-18T23:25:22.381+02:00  INFO 11560 --- [bitzomax] [           main] org.hibernate.orm.connections.pooling    : HHH10001005: Database info:
	Database JDBC URL [Connecting through datasource 'HikariDataSource (HikariPool-2)']
	Database driver: undefined/unknown
	Database version: 2.3.232
	Autocommit mode: undefined/unknown
	Isolation level: undefined/unknown
	Minimum pool size: undefined/unknown
	Maximum pool size: undefined/unknown
2025-05-18T23:25:22.449+02:00  INFO 11560 --- [bitzomax] [           main] o.h.e.t.j.p.i.JtaPlatformInitiator       : HHH000489: No JTA platform available (set 'hibernate.transaction.jta.platform' to enable JTA platform integration)
Hibernate: 
    drop table if exists favorite_videos cascade 
Hibernate: 
    drop table if exists genres cascade 
Hibernate: 
    drop table if exists liked_videos cascade 
Hibernate: 
    drop table if exists subscriptions cascade 
Hibernate: 
    drop table if exists users cascade 
Hibernate: 
    drop table if exists video_hashtags cascade 
Hibernate: 
    drop table if exists video_seo_keywords cascade 
Hibernate: 
    drop table if exists video_tags cascade 
Hibernate: 
    drop table if exists videos cascade 
Hibernate: 
    drop table if exists watch_history cascade 
Hibernate: 
    create table favorite_videos (
        added_date timestamp(6),
        id bigint generated by default as identity,
        user_id bigint not null,
        video_id bigint not null,
        primary key (id)
    )
Hibernate: 
    create table genres (
        id bigint generated by default as identity,
        description TEXT,
        name varchar(255) not null unique,
        primary key (id)
    )
Hibernate: 
    create table liked_videos (
        id bigint generated by default as identity,
        liked_date timestamp(6),
        user_id bigint not null,
        video_id bigint not null,
        primary key (id)
    )
Hibernate: 
    create table subscriptions (
        auto_renew boolean,
        price numeric(38,2) not null,
        end_date timestamp(6) not null,
        id bigint generated by default as identity,
        start_date timestamp(6) not null,
        user_id bigint not null,
        plan enum ('MONTHLY','YEARLY') not null,
        primary key (id)
    )
Hibernate: 
    create table users (
        is_subscribed boolean,
        id bigint generated by default as identity,
        join_date timestamp(6),
        avatar_url varchar(255),
        display_name varchar(255) not null,
        email varchar(255) not null unique,
        username varchar(255) not null unique,
        primary key (id)
    )
Hibernate: 
    create table video_hashtags (
        video_id bigint not null,
        hashtag varchar(255)
    )
Hibernate: 
    create table video_seo_keywords (
        video_id bigint not null,
        keyword varchar(255)
    )
Hibernate: 
    create table video_tags (
        video_id bigint not null,
        tag varchar(255)
    )
Hibernate: 
    create table videos (
        duration integer,
        engagement_rate float(53),
        is_premium boolean,
        is_visible boolean default true not null,
        comment_count bigint,
        genre_id bigint,
        id bigint generated by default as identity,
        likes bigint,
        share_count bigint,
        upload_date timestamp(6),
        views bigint,
        amazon_music_url varchar(255),
        apple_music_url varchar(255),
        description TEXT,
        instagram_url varchar(255),
        itunes_url varchar(255),
        original_format varchar(255),
        poem_text TEXT,
        seo_description TEXT,
        seo_title varchar(255),
        spotify_url varchar(255),
        thumbnail_url varchar(255),
        title varchar(255) not null,
        video_url varchar(255) not null,
        youtube_music_url varchar(255),
        conversion_status enum ('COMPLETED','FAILED','PENDING','PROCESSING'),
        primary key (id)
    )
Hibernate: 
    create table watch_history (
        completed boolean,
        watch_duration integer,
        id bigint generated by default as identity,
        timestamp timestamp(6) not null,
        user_id bigint not null,
        video_id bigint not null,
        primary key (id)
    )
Hibernate: 
    alter table if exists favorite_videos 
       add constraint FKb2jyd6frvkd6x252m52futbya 
       foreign key (user_id) 
       references users
Hibernate: 
    alter table if exists favorite_videos 
       add constraint FK83prnjfpkw85j4aivebuvc3qv 
       foreign key (video_id) 
       references videos
Hibernate: 
    alter table if exists liked_videos 
       add constraint FK1gba2xp5mqedryffu40b6xchh 
       foreign key (user_id) 
       references users
Hibernate: 
    alter table if exists liked_videos 
       add constraint FKh2xlibifl5ubofx0k79yt9u4l 
       foreign key (video_id) 
       references videos
Hibernate: 
    alter table if exists subscriptions 
       add constraint FKhro52ohfqfbay9774bev0qinr 
       foreign key (user_id) 
       references users
Hibernate: 
    alter table if exists video_hashtags 
       add constraint FKjyaq90ejf9kfigp82gdj63u9f 
       foreign key (video_id) 
       references videos
Hibernate: 
    alter table if exists video_seo_keywords 
       add constraint FKjmq93mv8ga22bpo5fq0929m0m 
       foreign key (video_id) 
       references videos
Hibernate: 
    alter table if exists video_tags 
       add constraint FKpr6ks7ia3ilx9ec2mmwb82lb6 
       foreign key (video_id) 
       references videos
Hibernate: 
    alter table if exists videos 
       add constraint FKpfgjhpet90q6eq0tov4husgi 
       foreign key (genre_id) 
       references genres
Hibernate: 
    alter table if exists watch_history 
       add constraint FK4j0idttsyu50cca3be2o3m2a5 
       foreign key (user_id) 
       references users
Hibernate: 
    alter table if exists watch_history 
       add constraint FKirxcph51ni2ciref1vjq4akf7 
       foreign key (video_id) 
       references videos
2025-05-18T23:25:22.467+02:00  INFO 11560 --- [bitzomax] [           main] j.LocalContainerEntityManagerFactoryBean : Initialized JPA EntityManagerFactory for persistence unit 'default'
2025-05-18T23:25:22.611+02:00  WARN 11560 --- [bitzomax] [           main] JpaBaseConfiguration$JpaWebConfiguration : spring.jpa.open-in-view is enabled by default. Therefore, database queries may be performed during view rendering. Explicitly configure spring.jpa.open-in-view to disable this warning
2025-05-18T23:25:22.617+02:00  WARN 11560 --- [bitzomax] [           main] .s.s.UserDetailsServiceAutoConfiguration : 

Using generated security password: e24e15a4-2e41-4538-b9c1-d56c72bc918a

This generated password is for development use only. Your security configuration must be updated before running your application in production.

2025-05-18T23:25:22.619+02:00  INFO 11560 --- [bitzomax] [           main] r$InitializeUserDetailsManagerConfigurer : Global AuthenticationManager configured with UserDetailsService bean with name inMemoryUserDetailsManager
2025-05-18T23:25:22.743+02:00  INFO 11560 --- [bitzomax] [           main] o.s.b.a.h2.H2ConsoleAutoConfiguration    : H2 console available at '/h2-console'. Database available at 'jdbc:h2:mem:testdb'
2025-05-18T23:25:22.780+02:00  INFO 11560 --- [bitzomax] [           main] o.s.b.t.m.w.SpringBootMockServletContext : Initializing Spring TestDispatcherServlet ''
2025-05-18T23:25:22.782+02:00  INFO 11560 --- [bitzomax] [           main] o.s.t.web.servlet.TestDispatcherServlet  : Initializing Servlet ''
2025-05-18T23:25:22.782+02:00  INFO 11560 --- [bitzomax] [           main] o.s.t.web.servlet.TestDispatcherServlet  : Completed initialization in 0 ms
2025-05-18T23:25:22.796+02:00  INFO 11560 --- [bitzomax] [           main] c.b.config.ApplicationStartupListener    : Application started, fixing video visibility issues...
Hibernate: 
    select
        v1_0.id,
        v1_0.amazon_music_url,
        v1_0.apple_music_url,
        v1_0.comment_count,
        v1_0.conversion_status,
        v1_0.description,
        v1_0.duration,
        v1_0.engagement_rate,
        v1_0.genre_id,
        v1_0.instagram_url,
        v1_0.is_premium,
        v1_0.is_visible,
        v1_0.itunes_url,
        v1_0.likes,
        v1_0.original_format,
        v1_0.poem_text,
        v1_0.seo_description,
        v1_0.seo_title,
        v1_0.share_count,
        v1_0.spotify_url,
        v1_0.thumbnail_url,
        v1_0.title,
        v1_0.upload_date,
        v1_0.video_url,
        v1_0.views,
        v1_0.youtube_music_url 
    from
        videos v1_0
2025-05-18T23:25:22.801+02:00  INFO 11560 --- [bitzomax] [           main] c.b.config.ApplicationStartupListener    : Fixed visibility for 0 videos during startup
2025-05-18T23:25:22.801+02:00  INFO 11560 --- [bitzomax] [           main] com.bitzomax.BitzomaxIntegrationTest     : Started BitzomaxIntegrationTest in 0.784 seconds (process running for 8.381)
Hibernate: 
    select
        count(*) 
    from
        videos v1_0
Hibernate: 
    insert 
    into
        videos
        (amazon_music_url, apple_music_url, comment_count, conversion_status, description, duration, engagement_rate, genre_id, instagram_url, is_premium, is_visible, itunes_url, likes, original_format, poem_text, seo_description, seo_title, share_count, spotify_url, thumbnail_url, title, upload_date, video_url, views, youtube_music_url, id) 
    values
        (?, ?, ?, ?, ?, ?, ?, ?, ?, ?, ?, ?, ?, ?, ?, ?, ?, ?, ?, ?, ?, ?, ?, ?, ?, default)
Hibernate: 
    select
        count(*) 
    from
        videos v1_0
Hibernate: 
    select
        v1_0.id,
        v1_0.amazon_music_url,
        v1_0.apple_music_url,
        v1_0.comment_count,
        v1_0.conversion_status,
        v1_0.description,
        v1_0.duration,
        v1_0.engagement_rate,
        v1_0.genre_id,
        v1_0.instagram_url,
        v1_0.is_premium,
        v1_0.is_visible,
        v1_0.itunes_url,
        v1_0.likes,
        v1_0.original_format,
        v1_0.poem_text,
        v1_0.seo_description,
        v1_0.seo_title,
        v1_0.share_count,
        v1_0.spotify_url,
        v1_0.thumbnail_url,
        v1_0.title,
        v1_0.upload_date,
        v1_0.video_url,
        v1_0.views,
        v1_0.youtube_music_url 
    from
        videos v1_0 
    offset
        ? rows 
    fetch
        first ? rows only
Hibernate: 
    select
        v1_0.id,
        v1_0.amazon_music_url,
        v1_0.apple_music_url,
        v1_0.comment_count,
        v1_0.conversion_status,
        v1_0.description,
        v1_0.duration,
        v1_0.engagement_rate,
        v1_0.genre_id,
        v1_0.instagram_url,
        v1_0.is_premium,
        v1_0.is_visible,
        v1_0.itunes_url,
        v1_0.likes,
        v1_0.original_format,
        v1_0.poem_text,
        v1_0.seo_description,
        v1_0.seo_title,
        v1_0.share_count,
        v1_0.spotify_url,
        v1_0.thumbnail_url,
        v1_0.title,
        v1_0.upload_date,
        v1_0.video_url,
        v1_0.views,
        v1_0.youtube_music_url 
    from
        videos v1_0 
    where
        v1_0.is_visible
2025-05-18T23:25:22.910+02:00  INFO 11560 --- [bitzomax] [           main] com.bitzomax.service.VideoService        : Found 1 videos (includeHidden=false)
]]></system-out>
  </testcase>
  <testcase name="apiEndpointsAreAccessible" classname="com.bitzomax.BitzomaxIntegrationTest" time="0.118">
    <system-out><![CDATA[2025-05-18T23:25:22.996+02:00  INFO 11560 --- [bitzomax] [           main] c.bitzomax.controller.VideoController    : Fetching all videos, userId=null, showHidden=false
Hibernate: 
    select
        v1_0.id,
        v1_0.amazon_music_url,
        v1_0.apple_music_url,
        v1_0.comment_count,
        v1_0.conversion_status,
        v1_0.description,
        v1_0.duration,
        v1_0.engagement_rate,
        v1_0.genre_id,
        v1_0.instagram_url,
        v1_0.is_premium,
        v1_0.is_visible,
        v1_0.itunes_url,
        v1_0.likes,
        v1_0.original_format,
        v1_0.poem_text,
        v1_0.seo_description,
        v1_0.seo_title,
        v1_0.share_count,
        v1_0.spotify_url,
        v1_0.thumbnail_url,
        v1_0.title,
        v1_0.upload_date,
        v1_0.video_url,
        v1_0.views,
        v1_0.youtube_music_url 
    from
        videos v1_0 
    where
        v1_0.is_visible
2025-05-18T23:25:22.999+02:00  INFO 11560 --- [bitzomax] [           main] com.bitzomax.service.VideoService        : Found 0 videos (includeHidden=false)
]]></system-out>
  </testcase>
  <testcase name="contextLoads" classname="com.bitzomax.BitzomaxIntegrationTest" time="0.005"/>
</testsuite>