<?xml version="1.0" encoding="UTF-8"?>
<testsuite xmlns:xsi="http://www.w3.org/2001/XMLSchema-instance" xsi:noNamespaceSchemaLocation="https://maven.apache.org/surefire/maven-surefire-plugin/xsd/surefire-test-report.xsd" version="3.0.2" name="com.bitzomax.VideoVisibilityFixE2ETest" time="0.153" tests="2" errors="1" skipped="0" failures="1">
  <properties>
[...]
</properties>
  <testcase name="testVideoVisibilityFixWorkflow" classname="com.bitzomax.VideoVisibilityFixE2ETest" time="0.07">
    <error message="could not execute statement [NULL not allowed for column &quot;IS_VISIBLE&quot;; SQL statement:&#10;insert into videos (amazon_music_url,apple_music_url,comment_count,conversion_status,description,duration,engagement_rate,genre_id,instagram_url,is_premium,is_visible,itunes_url,likes,original_format,poem_text,seo_description,seo_title,share_count,spotify_url,thumbnail_url,title,upload_date,video_url,views,youtube_music_url,id) values (?,?,?,?,?,?,?,?,?,?,?,?,?,?,?,?,?,?,?,?,?,?,?,?,?,default) [23502-232]] [insert into videos (amazon_music_url,apple_music_url,comment_count,conversion_status,description,duration,engagement_rate,genre_id,instagram_url,is_premium,is_visible,itunes_url,likes,original_format,poem_text,seo_description,seo_title,share_count,spotify_url,thumbnail_url,title,upload_date,video_url,views,youtube_music_url,id) values (?,?,?,?,?,?,?,?,?,?,?,?,?,?,?,?,?,?,?,?,?,?,?,?,?,default)]; SQL [insert into videos (amazon_music_url,apple_music_url,comment_count,conversion_status,description,duration,engagement_rate,genre_id,instagram_url,is_premium,is_visible,itunes_url,likes,original_format,poem_text,seo_description,seo_title,share_count,spotify_url,thumbnail_url,title,upload_date,video_url,views,youtube_music_url,id) values (?,?,?,?,?,?,?,?,?,?,?,?,?,?,?,?,?,?,?,?,?,?,?,?,?,default)]; constraint [null]" type="org.springframework.dao.DataIntegrityViolationException"><![CDATA[org.springframework.dao.DataIntegrityViolationException: 
could not execute statement [NULL not allowed for column "IS_VISIBLE"; SQL statement:
insert into videos (amazon_music_url,apple_music_url,comment_count,conversion_status,description,duration,engagement_rate,genre_id,instagram_url,is_premium,is_visible,itunes_url,likes,original_format,poem_text,seo_description,seo_title,share_count,spotify_url,thumbnail_url,title,upload_date,video_url,views,youtube_music_url,id) values (?,?,?,?,?,?,?,?,?,?,?,?,?,?,?,?,?,?,?,?,?,?,?,?,?,default) [23502-232]] [insert into videos (amazon_music_url,apple_music_url,comment_count,conversion_status,description,duration,engagement_rate,genre_id,instagram_url,is_premium,is_visible,itunes_url,likes,original_format,poem_text,seo_description,seo_title,share_count,spotify_url,thumbnail_url,title,upload_date,video_url,views,youtube_music_url,id) values (?,?,?,?,?,?,?,?,?,?,?,?,?,?,?,?,?,?,?,?,?,?,?,?,?,default)]; SQL [insert into videos (amazon_music_url,apple_music_url,comment_count,conversion_status,description,duration,engagement_rate,genre_id,instagram_url,is_premium,is_visible,itunes_url,likes,original_format,poem_text,seo_description,seo_title,share_count,spotify_url,thumbnail_url,title,upload_date,video_url,views,youtube_music_url,id) values (?,?,?,?,?,?,?,?,?,?,?,?,?,?,?,?,?,?,?,?,?,?,?,?,?,default)]; constraint [null]
	at org.springframework.orm.jpa.vendor.HibernateJpaDialect.convertHibernateAccessException(HibernateJpaDialect.java:294)
	at org.springframework.orm.jpa.vendor.HibernateJpaDialect.convertHibernateAccessException(HibernateJpaDialect.java:256)
	at org.springframework.orm.jpa.vendor.HibernateJpaDialect.translateExceptionIfPossible(HibernateJpaDialect.java:241)
	at org.springframework.orm.jpa.AbstractEntityManagerFactoryBean.translateExceptionIfPossible(AbstractEntityManagerFactoryBean.java:560)
	at org.springframework.dao.support.ChainedPersistenceExceptionTranslator.translateExceptionIfPossible(ChainedPersistenceExceptionTranslator.java:61)
	at org.springframework.dao.support.DataAccessUtils.translateIfNecessary(DataAccessUtils.java:343)
	at org.springframework.dao.support.PersistenceExceptionTranslationInterceptor.invoke(PersistenceExceptionTranslationInterceptor.java:160)
	at org.springframework.aop.framework.ReflectiveMethodInvocation.proceed(ReflectiveMethodInvocation.java:184)
	at org.springframework.data.jpa.repository.support.CrudMethodMetadataPostProcessor$CrudMethodMetadataPopulatingMethodInterceptor.invoke(CrudMethodMetadataPostProcessor.java:165)
	at org.springframework.aop.framework.ReflectiveMethodInvocation.proceed(ReflectiveMethodInvocation.java:184)
	at org.springframework.aop.framework.JdkDynamicAopProxy.invoke(JdkDynamicAopProxy.java:223)
	at jdk.proxy2/jdk.proxy2.$Proxy149.save(Unknown Source)
	at com.bitzomax.VideoVisibilityFixE2ETest.testVideoVisibilityFixWorkflow(VideoVisibilityFixE2ETest.java:60)
	at java.base/java.lang.reflect.Method.invoke(Method.java:580)
	at java.base/java.util.ArrayList.forEach(ArrayList.java:1596)
	at java.base/java.util.ArrayList.forEach(ArrayList.java:1596)
Caused by: org.hibernate.exception.ConstraintViolationException: could not execute statement [NULL not allowed for column "IS_VISIBLE"; SQL statement:
insert into videos (amazon_music_url,apple_music_url,comment_count,conversion_status,description,duration,engagement_rate,genre_id,instagram_url,is_premium,is_visible,itunes_url,likes,original_format,poem_text,seo_description,seo_title,share_count,spotify_url,thumbnail_url,title,upload_date,video_url,views,youtube_music_url,id) values (?,?,?,?,?,?,?,?,?,?,?,?,?,?,?,?,?,?,?,?,?,?,?,?,?,default) [23502-232]] [insert into videos (amazon_music_url,apple_music_url,comment_count,conversion_status,description,duration,engagement_rate,genre_id,instagram_url,is_premium,is_visible,itunes_url,likes,original_format,poem_text,seo_description,seo_title,share_count,spotify_url,thumbnail_url,title,upload_date,video_url,views,youtube_music_url,id) values (?,?,?,?,?,?,?,?,?,?,?,?,?,?,?,?,?,?,?,?,?,?,?,?,?,default)]
	at org.hibernate.exception.internal.SQLExceptionTypeDelegate.convert(SQLExceptionTypeDelegate.java:62)
	at org.hibernate.exception.internal.StandardSQLExceptionConverter.convert(StandardSQLExceptionConverter.java:58)
	at org.hibernate.engine.jdbc.spi.SqlExceptionHelper.convert(SqlExceptionHelper.java:108)
	at org.hibernate.engine.jdbc.internal.ResultSetReturnImpl.executeUpdate(ResultSetReturnImpl.java:197)
	at org.hibernate.id.insert.GetGeneratedKeysDelegate.performMutation(GetGeneratedKeysDelegate.java:116)
	at org.hibernate.engine.jdbc.mutation.internal.MutationExecutorSingleNonBatched.performNonBatchedOperations(MutationExecutorSingleNonBatched.java:47)
	at org.hibernate.engine.jdbc.mutation.internal.AbstractMutationExecutor.execute(AbstractMutationExecutor.java:55)
	at org.hibernate.persister.entity.mutation.InsertCoordinatorStandard.doStaticInserts(InsertCoordinatorStandard.java:194)
	at org.hibernate.persister.entity.mutation.InsertCoordinatorStandard.coordinateInsert(InsertCoordinatorStandard.java:132)
	at org.hibernate.persister.entity.mutation.InsertCoordinatorStandard.insert(InsertCoordinatorStandard.java:95)
	at org.hibernate.action.internal.EntityIdentityInsertAction.execute(EntityIdentityInsertAction.java:85)
	at org.hibernate.engine.spi.ActionQueue.execute(ActionQueue.java:682)
	at org.hibernate.engine.spi.ActionQueue.addResolvedEntityInsertAction(ActionQueue.java:293)
	at org.hibernate.engine.spi.ActionQueue.addInsertAction(ActionQueue.java:274)
	at org.hibernate.engine.spi.ActionQueue.addAction(ActionQueue.java:324)
	at org.hibernate.event.internal.AbstractSaveEventListener.addInsertAction(AbstractSaveEventListener.java:393)
	at org.hibernate.event.internal.AbstractSaveEventListener.performSaveOrReplicate(AbstractSaveEventListener.java:307)
	at org.hibernate.event.internal.AbstractSaveEventListener.performSave(AbstractSaveEventListener.java:223)
	at org.hibernate.event.internal.AbstractSaveEventListener.saveWithGeneratedId(AbstractSaveEventListener.java:136)
	at org.hibernate.event.internal.DefaultPersistEventListener.entityIsTransient(DefaultPersistEventListener.java:177)
	at org.hibernate.event.internal.DefaultPersistEventListener.persist(DefaultPersistEventListener.java:95)
	at org.hibernate.event.internal.DefaultPersistEventListener.onPersist(DefaultPersistEventListener.java:79)
	at org.hibernate.event.internal.DefaultPersistEventListener.onPersist(DefaultPersistEventListener.java:55)
	at org.hibernate.event.service.internal.EventListenerGroupImpl.fireEventOnEachListener(EventListenerGroupImpl.java:127)
	at org.hibernate.internal.SessionImpl.firePersist(SessionImpl.java:761)
	at org.hibernate.internal.SessionImpl.persist(SessionImpl.java:745)
	at java.base/jdk.internal.reflect.DirectMethodHandleAccessor.invoke(DirectMethodHandleAccessor.java:103)
	at java.base/java.lang.reflect.Method.invoke(Method.java:580)
	at org.springframework.orm.jpa.SharedEntityManagerCreator$SharedEntityManagerInvocationHandler.invoke(SharedEntityManagerCreator.java:320)
	at jdk.proxy2/jdk.proxy2.$Proxy144.persist(Unknown Source)
	at org.springframework.data.jpa.repository.support.SimpleJpaRepository.save(SimpleJpaRepository.java:636)
	at java.base/jdk.internal.reflect.DirectMethodHandleAccessor.invoke(DirectMethodHandleAccessor.java:103)
	at java.base/java.lang.reflect.Method.invoke(Method.java:580)
	at org.springframework.aop.support.AopUtils.invokeJoinpointUsingReflection(AopUtils.java:359)
	at org.springframework.data.repository.core.support.RepositoryMethodInvoker$RepositoryFragmentMethodInvoker.lambda$new$0(RepositoryMethodInvoker.java:277)
	at org.springframework.data.repository.core.support.RepositoryMethodInvoker.doInvoke(RepositoryMethodInvoker.java:170)
	at org.springframework.data.repository.core.support.RepositoryMethodInvoker.invoke(RepositoryMethodInvoker.java:158)
	at org.springframework.data.repository.core.support.RepositoryComposition$RepositoryFragments.invoke(RepositoryComposition.java:515)
	at org.springframework.data.repository.core.support.RepositoryComposition.invoke(RepositoryComposition.java:284)
	at org.springframework.data.repository.core.support.RepositoryFactorySupport$ImplementationMethodExecutionInterceptor.invoke(RepositoryFactorySupport.java:731)
	at org.springframework.aop.framework.ReflectiveMethodInvocation.proceed(ReflectiveMethodInvocation.java:184)
	at org.springframework.data.repository.core.support.QueryExecutorMethodInterceptor.doInvoke(QueryExecutorMethodInterceptor.java:174)
	at org.springframework.data.repository.core.support.QueryExecutorMethodInterceptor.invoke(QueryExecutorMethodInterceptor.java:149)
	at org.springframework.aop.framework.ReflectiveMethodInvocation.proceed(ReflectiveMethodInvocation.java:184)
	at org.springframework.data.projection.DefaultMethodInvokingMethodInterceptor.invoke(DefaultMethodInvokingMethodInterceptor.java:69)
	at org.springframework.aop.framework.ReflectiveMethodInvocation.proceed(ReflectiveMethodInvocation.java:184)
	at org.springframework.transaction.interceptor.TransactionAspectSupport.invokeWithinTransaction(TransactionAspectSupport.java:380)
	at org.springframework.transaction.interceptor.TransactionInterceptor.invoke(TransactionInterceptor.java:119)
	at org.springframework.aop.framework.ReflectiveMethodInvocation.proceed(ReflectiveMethodInvocation.java:184)
	at org.springframework.dao.support.PersistenceExceptionTranslationInterceptor.invoke(PersistenceExceptionTranslationInterceptor.java:138)
	... 9 more
Caused by: org.h2.jdbc.JdbcSQLIntegrityConstraintViolationException: NULL not allowed for column "IS_VISIBLE"; SQL statement:
insert into videos (amazon_music_url,apple_music_url,comment_count,conversion_status,description,duration,engagement_rate,genre_id,instagram_url,is_premium,is_visible,itunes_url,likes,original_format,poem_text,seo_description,seo_title,share_count,spotify_url,thumbnail_url,title,upload_date,video_url,views,youtube_music_url,id) values (?,?,?,?,?,?,?,?,?,?,?,?,?,?,?,?,?,?,?,?,?,?,?,?,?,default) [23502-232]
	at org.h2.message.DbException.getJdbcSQLException(DbException.java:520)
	at org.h2.message.DbException.getJdbcSQLException(DbException.java:489)
	at org.h2.message.DbException.get(DbException.java:223)
	at org.h2.message.DbException.get(DbException.java:199)
	at org.h2.table.Column.validateConvertUpdateSequence(Column.java:402)
	at org.h2.table.Table.convertInsertRow(Table.java:963)
	at org.h2.command.dml.Insert.insertRows(Insert.java:167)
	at org.h2.command.dml.Insert.update(Insert.java:135)
	at org.h2.command.CommandContainer.executeUpdateWithGeneratedKeys(CommandContainer.java:212)
	at org.h2.command.CommandContainer.update(CommandContainer.java:133)
	at org.h2.command.Command.executeUpdate(Command.java:304)
	at org.h2.command.Command.executeUpdate(Command.java:248)
	at org.h2.jdbc.JdbcPreparedStatement.executeUpdateInternal(JdbcPreparedStatement.java:213)
	at org.h2.jdbc.JdbcPreparedStatement.executeUpdate(JdbcPreparedStatement.java:172)
	at com.zaxxer.hikari.pool.ProxyPreparedStatement.executeUpdate(ProxyPreparedStatement.java:61)
	at com.zaxxer.hikari.pool.HikariProxyPreparedStatement.executeUpdate(HikariProxyPreparedStatement.java)
	at org.hibernate.engine.jdbc.internal.ResultSetReturnImpl.executeUpdate(ResultSetReturnImpl.java:194)
	... 55 more
]]></error>
    <system-out><![CDATA[2025-05-18T23:25:25.254+02:00  INFO 11560 --- [bitzomax] [           main] t.c.s.AnnotationConfigContextLoaderUtils : Could not detect default configuration classes for test class [com.bitzomax.VideoVisibilityFixE2ETest]: VideoVisibilityFixE2ETest does not declare any static, non-private, non-final, nested classes annotated with @Configuration.
2025-05-18T23:25:25.262+02:00  INFO 11560 --- [bitzomax] [           main] .b.t.c.SpringBootTestContextBootstrapper : Found @SpringBootConfiguration com.bitzomax.BitzomaxApplication for test class com.bitzomax.VideoVisibilityFixE2ETest
Hibernate: 
    insert 
    into
        videos
        (amazon_music_url, apple_music_url, comment_count, conversion_status, description, duration, engagement_rate, genre_id, instagram_url, is_premium, is_visible, itunes_url, likes, original_format, poem_text, seo_description, seo_title, share_count, spotify_url, thumbnail_url, title, upload_date, video_url, views, youtube_music_url, id) 
    values
        (?, ?, ?, ?, ?, ?, ?, ?, ?, ?, ?, ?, ?, ?, ?, ?, ?, ?, ?, ?, ?, ?, ?, ?, ?, default)
Hibernate: 
    insert 
    into
        videos
        (amazon_music_url, apple_music_url, comment_count, conversion_status, description, duration, engagement_rate, genre_id, instagram_url, is_premium, is_visible, itunes_url, likes, original_format, poem_text, seo_description, seo_title, share_count, spotify_url, thumbnail_url, title, upload_date, video_url, views, youtube_music_url, id) 
    values
        (?, ?, ?, ?, ?, ?, ?, ?, ?, ?, ?, ?, ?, ?, ?, ?, ?, ?, ?, ?, ?, ?, ?, ?, ?, default)
Hibernate: 
    insert 
    into
        videos
        (amazon_music_url, apple_music_url, comment_count, conversion_status, description, duration, engagement_rate, genre_id, instagram_url, is_premium, is_visible, itunes_url, likes, original_format, poem_text, seo_description, seo_title, share_count, spotify_url, thumbnail_url, title, upload_date, video_url, views, youtube_music_url, id) 
    values
        (?, ?, ?, ?, ?, ?, ?, ?, ?, ?, ?, ?, ?, ?, ?, ?, ?, ?, ?, ?, ?, ?, ?, ?, ?, default)
Hibernate: 
    insert 
    into
        videos
        (amazon_music_url, apple_music_url, comment_count, conversion_status, description, duration, engagement_rate, genre_id, instagram_url, is_premium, is_visible, itunes_url, likes, original_format, poem_text, seo_description, seo_title, share_count, spotify_url, thumbnail_url, title, upload_date, video_url, views, youtube_music_url, id) 
    values
        (?, ?, ?, ?, ?, ?, ?, ?, ?, ?, ?, ?, ?, ?, ?, ?, ?, ?, ?, ?, ?, ?, ?, ?, ?, default)
2025-05-18T23:25:25.286+02:00  WARN 11560 --- [bitzomax] [           main] o.h.engine.jdbc.spi.SqlExceptionHelper   : SQL Error: 23502, SQLState: 23502
2025-05-18T23:25:25.288+02:00 ERROR 11560 --- [bitzomax] [           main] o.h.engine.jdbc.spi.SqlExceptionHelper   : NULL not allowed for column "IS_VISIBLE"; SQL statement:
insert into videos (amazon_music_url,apple_music_url,comment_count,conversion_status,description,duration,engagement_rate,genre_id,instagram_url,is_premium,is_visible,itunes_url,likes,original_format,poem_text,seo_description,seo_title,share_count,spotify_url,thumbnail_url,title,upload_date,video_url,views,youtube_music_url,id) values (?,?,?,?,?,?,?,?,?,?,?,?,?,?,?,?,?,?,?,?,?,?,?,?,?,default) [23502-232]
]]></system-out>
  </testcase>
  <testcase name="testVideoCreationAndRetrieval" classname="com.bitzomax.VideoVisibilityFixE2ETest" time="0.066">
    <failure message="Status expected:&lt;200&gt; but was:&lt;404&gt;" type="java.lang.AssertionError"><![CDATA[java.lang.AssertionError: Status expected:<200> but was:<404>
	at org.springframework.test.util.AssertionErrors.fail(AssertionErrors.java:61)
	at org.springframework.test.util.AssertionErrors.assertEquals(AssertionErrors.java:128)
	at org.springframework.test.web.servlet.result.StatusResultMatchers.lambda$matcher$9(StatusResultMatchers.java:640)
	at org.springframework.test.web.servlet.MockMvc$1.andExpect(MockMvc.java:214)
	at com.bitzomax.VideoVisibilityFixE2ETest.testVideoCreationAndRetrieval(VideoVisibilityFixE2ETest.java:135)
	at java.base/java.lang.reflect.Method.invoke(Method.java:580)
	at java.base/java.util.ArrayList.forEach(ArrayList.java:1596)
	at java.base/java.util.ArrayList.forEach(ArrayList.java:1596)
]]></failure>
    <system-out><![CDATA[Hibernate: 
    insert 
    into
        videos
        (amazon_music_url, apple_music_url, comment_count, conversion_status, description, duration, engagement_rate, genre_id, instagram_url, is_premium, is_visible, itunes_url, likes, original_format, poem_text, seo_description, seo_title, share_count, spotify_url, thumbnail_url, title, upload_date, video_url, views, youtube_music_url, id) 
    values
        (?, ?, ?, ?, ?, ?, ?, ?, ?, ?, ?, ?, ?, ?, ?, ?, ?, ?, ?, ?, ?, ?, ?, ?, ?, default)
2025-05-18T23:25:25.355+02:00  INFO 11560 --- [bitzomax] [           main] c.bitzomax.controller.VideoController    : Fetching video with id: 5
2025-05-18T23:25:25.386+02:00  INFO 11560 --- [bitzomax] [           main] c.bitzomax.controller.VideoController    : Fetching video with id: 5
2025-05-18T23:25:25.390+02:00  WARN 11560 --- [bitzomax] [           main] o.s.web.servlet.PageNotFound             : No mapping for DELETE /api/admin/videos/5
2025-05-18T23:25:25.392+02:00  WARN 11560 --- [bitzomax] [           main] o.s.web.servlet.PageNotFound             : No endpoint DELETE /api/admin/videos/5.

MockHttpServletRequest:
      HTTP Method = GET
      Request URI = /api/videos/5
       Parameters = {}
          Headers = []
             Body = null
    Session Attrs = {}

Handler:
             Type = com.bitzomax.controller.VideoController
           Method = com.bitzomax.controller.VideoController#getVideoById(Long)

Async:
    Async started = false
     Async result = null

Resolved Exception:
             Type = null

ModelAndView:
        View name = null
             View = null
            Model = null

FlashMap:
       Attributes = null

MockHttpServletResponse:
           Status = 200
    Error message = null
          Headers = [Vary:"Origin", "Access-Control-Request-Method", "Access-Control-Request-Headers", Content-Type:"application/json", X-Content-Type-Options:"nosniff", X-XSS-Protection:"0", Cache-Control:"no-cache, no-store, max-age=0, must-revalidate", Pragma:"no-cache", Expires:"0", X-Frame-Options:"DENY"]
     Content type = application/json
             Body = {"id":5,"title":"Integration Test Video","videoUrl":"http://example.com/test-video.mp4","thumbnailUrl":"http://example.com/test-thumb.jpg","description":"Video created for integration testing","duration":300,"uploadDate":[2025,5,18,23,25,25,348809700],"views":0,"likes":0,"commentCount":0,"shareCount":0,"engagementRate":0.0,"isPremium":true,"poemText":null,"originalFormat":null,"seoDescription":null,"seoTitle":null,"spotifyUrl":null,"appleMusicUrl":null,"itunesUrl":null,"instagramUrl":null,"youtubeMusicUrl":null,"amazonMusicUrl":null,"conversionStatus":"COMPLETED","isVisible":true,"genre":null,"tags":[],"hashtags":[],"seoKeywords":[]}
    Forwarded URL = null
   Redirected URL = null
          Cookies = []

MockHttpServletRequest:
      HTTP Method = GET
      Request URI = /api/videos/5
       Parameters = {}
          Headers = []
             Body = null
    Session Attrs = {}

Handler:
             Type = com.bitzomax.controller.VideoController
           Method = com.bitzomax.controller.VideoController#getVideoById(Long)

Async:
    Async started = false
     Async result = null

Resolved Exception:
             Type = null

ModelAndView:
        View name = null
             View = null
            Model = null

FlashMap:
       Attributes = null

MockHttpServletResponse:
           Status = 200
    Error message = null
          Headers = [Vary:"Origin", "Access-Control-Request-Method", "Access-Control-Request-Headers", Content-Type:"application/json", X-Content-Type-Options:"nosniff", X-XSS-Protection:"0", Cache-Control:"no-cache, no-store, max-age=0, must-revalidate", Pragma:"no-cache", Expires:"0", X-Frame-Options:"DENY"]
     Content type = application/json
             Body = {"id":5,"title":"Updated Test Video","videoUrl":"http://example.com/test-video.mp4","thumbnailUrl":"http://example.com/test-thumb.jpg","description":"Video created for integration testing","duration":300,"uploadDate":[2025,5,18,23,25,25,348809700],"views":0,"likes":0,"commentCount":0,"shareCount":0,"engagementRate":0.0,"isPremium":true,"poemText":null,"originalFormat":null,"seoDescription":null,"seoTitle":null,"spotifyUrl":null,"appleMusicUrl":null,"itunesUrl":null,"instagramUrl":null,"youtubeMusicUrl":null,"amazonMusicUrl":null,"conversionStatus":"COMPLETED","isVisible":true,"genre":null,"tags":[],"hashtags":[],"seoKeywords":[]}
    Forwarded URL = null
   Redirected URL = null
          Cookies = []

MockHttpServletRequest:
      HTTP Method = DELETE
      Request URI = /api/admin/videos/5
       Parameters = {}
          Headers = []
             Body = null
    Session Attrs = {}

Handler:
             Type = null

Async:
    Async started = false
     Async result = null

Resolved Exception:
             Type = org.springframework.web.servlet.NoHandlerFoundException

ModelAndView:
        View name = null
             View = null
            Model = null

FlashMap:
       Attributes = null

MockHttpServletResponse:
           Status = 404
    Error message = No endpoint DELETE /api/admin/videos/5.
          Headers = [Vary:"Origin", "Access-Control-Request-Method", "Access-Control-Request-Headers", X-Content-Type-Options:"nosniff", X-XSS-Protection:"0", Cache-Control:"no-cache, no-store, max-age=0, must-revalidate", Pragma:"no-cache", Expires:"0", X-Frame-Options:"DENY"]
     Content type = null
             Body = 
    Forwarded URL = null
   Redirected URL = null
          Cookies = []
]]></system-out>
  </testcase>
</testsuite>