<?xml version="1.0" encoding="UTF-8"?>
<testsuite xmlns:xsi="http://www.w3.org/2001/XMLSchema-instance" xsi:noNamespaceSchemaLocation="https://maven.apache.org/surefire/maven-surefire-plugin/xsd/surefire-test-report.xsd" version="3.0.2" name="com.bitzomax.BitzomaxApplicationTests" time="8.237" tests="1" errors="0" skipped="0" failures="0">
  <properties>
[...]
</properties>
  <testcase name="contextLoads" classname="com.bitzomax.BitzomaxApplicationTests" time="0.563">
    <system-out><![CDATA[23:29:42.188 [main] INFO org.springframework.test.context.support.AnnotationConfigContextLoaderUtils -- Could not detect default configuration classes for test class [com.bitzomax.BitzomaxApplicationTests]: BitzomaxApplicationTests does not declare any static, non-private, non-final, nested classes annotated with @Configuration.
23:29:42.318 [main] INFO org.springframework.boot.test.context.SpringBootTestContextBootstrapper -- Found @SpringBootConfiguration com.bitzomax.BitzomaxApplication for test class com.bitzomax.BitzomaxApplicationTests
23:29:42.522 [main] INFO org.springframework.boot.devtools.restart.RestartApplicationListener -- Restart disabled due to context in which it is running

  .   ____          _            __ _ _
 /\\ / ___'_ __ _ _(_)_ __  __ _ \ \ \ \
( ( )\___ | '_ | '_| | '_ \/ _` | \ \ \ \
 \\/  ___)| |_)| | | | | || (_| |  ) ) ) )
  '  |____| .__|_| |_|_| |_\__, | / / / /
 =========|_|==============|___/=/_/_/_/

 :: Spring Boot ::                (v3.4.5)

2025-05-18T23:29:42.816+02:00  INFO 3880 --- [bitzomax] [           main] com.bitzomax.BitzomaxApplicationTests    : Starting BitzomaxApplicationTests using Java 21.0.6 with PID 3880 (started by !Max in C:\Users\31623\Documents\My-Projecten\bitzimax-v3\backend)
2025-05-18T23:29:42.818+02:00  INFO 3880 --- [bitzomax] [           main] com.bitzomax.BitzomaxApplicationTests    : No active profile set, falling back to 1 default profile: "default"
2025-05-18T23:29:43.732+02:00  INFO 3880 --- [bitzomax] [           main] .s.d.r.c.RepositoryConfigurationDelegate : Bootstrapping Spring Data JPA repositories in DEFAULT mode.
2025-05-18T23:29:43.817+02:00  INFO 3880 --- [bitzomax] [           main] .s.d.r.c.RepositoryConfigurationDelegate : Finished Spring Data repository scanning in 69 ms. Found 7 JPA repository interfaces.
2025-05-18T23:29:44.521+02:00  INFO 3880 --- [bitzomax] [           main] o.hibernate.jpa.internal.util.LogHelper  : HHH000204: Processing PersistenceUnitInfo [name: default]
2025-05-18T23:29:44.663+02:00  INFO 3880 --- [bitzomax] [           main] org.hibernate.Version                    : HHH000412: Hibernate ORM core version 6.6.13.Final
2025-05-18T23:29:44.734+02:00  INFO 3880 --- [bitzomax] [           main] o.h.c.internal.RegionFactoryInitiator    : HHH000026: Second-level cache disabled
2025-05-18T23:29:45.254+02:00  INFO 3880 --- [bitzomax] [           main] o.s.o.j.p.SpringPersistenceUnitInfo      : No LoadTimeWeaver setup: ignoring JPA class transformer
2025-05-18T23:29:45.301+02:00  INFO 3880 --- [bitzomax] [           main] com.zaxxer.hikari.HikariDataSource       : HikariPool-1 - Starting...
2025-05-18T23:29:45.498+02:00  INFO 3880 --- [bitzomax] [           main] com.zaxxer.hikari.pool.HikariPool        : HikariPool-1 - Added connection conn0: url=jdbc:h2:mem:bitzomax user=SA
2025-05-18T23:29:45.501+02:00  INFO 3880 --- [bitzomax] [           main] com.zaxxer.hikari.HikariDataSource       : HikariPool-1 - Start completed.
2025-05-18T23:29:45.535+02:00  WARN 3880 --- [bitzomax] [           main] org.hibernate.orm.deprecation            : HHH90000025: H2Dialect does not need to be specified explicitly using 'hibernate.dialect' (remove the property setting and it will be selected by default)
2025-05-18T23:29:45.559+02:00  INFO 3880 --- [bitzomax] [           main] org.hibernate.orm.connections.pooling    : HHH10001005: Database info:
	Database JDBC URL [Connecting through datasource 'HikariDataSource (HikariPool-1)']
	Database driver: undefined/unknown
	Database version: 2.3.232
	Autocommit mode: undefined/unknown
	Isolation level: undefined/unknown
	Minimum pool size: undefined/unknown
	Maximum pool size: undefined/unknown
2025-05-18T23:29:46.571+02:00  INFO 3880 --- [bitzomax] [           main] o.h.e.t.j.p.i.JtaPlatformInitiator       : HHH000489: No JTA platform available (set 'hibernate.transaction.jta.platform' to enable JTA platform integration)
Hibernate: 
    drop table if exists favorite_videos cascade 
Hibernate: 
    drop table if exists genres cascade 
Hibernate: 
    drop table if exists liked_videos cascade 
Hibernate: 
    drop table if exists subscriptions cascade 
Hibernate: 
    drop table if exists users cascade 
Hibernate: 
    drop table if exists video_hashtags cascade 
Hibernate: 
    drop table if exists video_seo_keywords cascade 
Hibernate: 
    drop table if exists video_tags cascade 
Hibernate: 
    drop table if exists videos cascade 
Hibernate: 
    drop table if exists watch_history cascade 
Hibernate: 
    create table favorite_videos (
        added_date timestamp(6),
        id bigint generated by default as identity,
        user_id bigint not null,
        video_id bigint not null,
        primary key (id)
    )
Hibernate: 
    create table genres (
        id bigint generated by default as identity,
        description TEXT,
        name varchar(255) not null unique,
        primary key (id)
    )
Hibernate: 
    create table liked_videos (
        id bigint generated by default as identity,
        liked_date timestamp(6),
        user_id bigint not null,
        video_id bigint not null,
        primary key (id)
    )
Hibernate: 
    create table subscriptions (
        auto_renew boolean,
        price numeric(38,2) not null,
        end_date timestamp(6) not null,
        id bigint generated by default as identity,
        start_date timestamp(6) not null,
        user_id bigint not null,
        plan enum ('MONTHLY','YEARLY') not null,
        primary key (id)
    )
Hibernate: 
    create table users (
        is_subscribed boolean,
        id bigint generated by default as identity,
        join_date timestamp(6),
        avatar_url varchar(255),
        display_name varchar(255) not null,
        email varchar(255) not null unique,
        username varchar(255) not null unique,
        primary key (id)
    )
Hibernate: 
    create table video_hashtags (
        video_id bigint not null,
        hashtag varchar(255)
    )
Hibernate: 
    create table video_seo_keywords (
        video_id bigint not null,
        keyword varchar(255)
    )
Hibernate: 
    create table video_tags (
        video_id bigint not null,
        tag varchar(255)
    )
Hibernate: 
    create table videos (
        duration integer,
        engagement_rate float(53),
        is_premium boolean,
        is_visible boolean default true not null,
        comment_count bigint,
        genre_id bigint,
        id bigint generated by default as identity,
        likes bigint,
        share_count bigint,
        upload_date timestamp(6),
        views bigint,
        amazon_music_url varchar(255),
        apple_music_url varchar(255),
        description TEXT,
        instagram_url varchar(255),
        itunes_url varchar(255),
        original_format varchar(255),
        poem_text TEXT,
        seo_description TEXT,
        seo_title varchar(255),
        spotify_url varchar(255),
        thumbnail_url varchar(255),
        title varchar(255) not null,
        video_url varchar(255) not null,
        youtube_music_url varchar(255),
        conversion_status enum ('COMPLETED','FAILED','PENDING','PROCESSING'),
        primary key (id)
    )
Hibernate: 
    create table watch_history (
        completed boolean,
        watch_duration integer,
        id bigint generated by default as identity,
        timestamp timestamp(6) not null,
        user_id bigint not null,
        video_id bigint not null,
        primary key (id)
    )
Hibernate: 
    alter table if exists favorite_videos 
       add constraint FKb2jyd6frvkd6x252m52futbya 
       foreign key (user_id) 
       references users
Hibernate: 
    alter table if exists favorite_videos 
       add constraint FK83prnjfpkw85j4aivebuvc3qv 
       foreign key (video_id) 
       references videos
Hibernate: 
    alter table if exists liked_videos 
       add constraint FK1gba2xp5mqedryffu40b6xchh 
       foreign key (user_id) 
       references users
Hibernate: 
    alter table if exists liked_videos 
       add constraint FKh2xlibifl5ubofx0k79yt9u4l 
       foreign key (video_id) 
       references videos
Hibernate: 
    alter table if exists subscriptions 
       add constraint FKhro52ohfqfbay9774bev0qinr 
       foreign key (user_id) 
       references users
Hibernate: 
    alter table if exists video_hashtags 
       add constraint FKjyaq90ejf9kfigp82gdj63u9f 
       foreign key (video_id) 
       references videos
Hibernate: 
    alter table if exists video_seo_keywords 
       add constraint FKjmq93mv8ga22bpo5fq0929m0m 
       foreign key (video_id) 
       references videos
Hibernate: 
    alter table if exists video_tags 
       add constraint FKpr6ks7ia3ilx9ec2mmwb82lb6 
       foreign key (video_id) 
       references videos
Hibernate: 
    alter table if exists videos 
       add constraint FKpfgjhpet90q6eq0tov4husgi 
       foreign key (genre_id) 
       references genres
Hibernate: 
    alter table if exists watch_history 
       add constraint FK4j0idttsyu50cca3be2o3m2a5 
       foreign key (user_id) 
       references users
Hibernate: 
    alter table if exists watch_history 
       add constraint FKirxcph51ni2ciref1vjq4akf7 
       foreign key (video_id) 
       references videos
2025-05-18T23:29:46.644+02:00  INFO 3880 --- [bitzomax] [           main] j.LocalContainerEntityManagerFactoryBean : Initialized JPA EntityManagerFactory for persistence unit 'default'
2025-05-18T23:29:47.134+02:00  INFO 3880 --- [bitzomax] [           main] o.s.d.j.r.query.QueryEnhancerFactory     : Hibernate is in classpath; If applicable, HQL parser will be used.
2025-05-18T23:29:48.385+02:00  WARN 3880 --- [bitzomax] [           main] JpaBaseConfiguration$JpaWebConfiguration : spring.jpa.open-in-view is enabled by default. Therefore, database queries may be performed during view rendering. Explicitly configure spring.jpa.open-in-view to disable this warning
2025-05-18T23:29:48.419+02:00  WARN 3880 --- [bitzomax] [           main] .s.s.UserDetailsServiceAutoConfiguration : 

Using generated security password: ba1e82a4-be90-4e98-8eab-74cdc911bf02

This generated password is for development use only. Your security configuration must be updated before running your application in production.

2025-05-18T23:29:48.463+02:00  INFO 3880 --- [bitzomax] [           main] r$InitializeUserDetailsManagerConfigurer : Global AuthenticationManager configured with UserDetailsService bean with name inMemoryUserDetailsManager
2025-05-18T23:29:49.338+02:00  INFO 3880 --- [bitzomax] [           main] o.s.b.a.h2.H2ConsoleAutoConfiguration    : H2 console available at '/h2-console'. Database available at 'jdbc:h2:mem:bitzomax'
2025-05-18T23:29:49.481+02:00  INFO 3880 --- [bitzomax] [           main] c.b.config.ApplicationStartupListener    : Application started, fixing video visibility issues...
Hibernate: 
    select
        v1_0.id,
        v1_0.amazon_music_url,
        v1_0.apple_music_url,
        v1_0.comment_count,
        v1_0.conversion_status,
        v1_0.description,
        v1_0.duration,
        v1_0.engagement_rate,
        v1_0.genre_id,
        v1_0.instagram_url,
        v1_0.is_premium,
        v1_0.is_visible,
        v1_0.itunes_url,
        v1_0.likes,
        v1_0.original_format,
        v1_0.poem_text,
        v1_0.seo_description,
        v1_0.seo_title,
        v1_0.share_count,
        v1_0.spotify_url,
        v1_0.thumbnail_url,
        v1_0.title,
        v1_0.upload_date,
        v1_0.video_url,
        v1_0.views,
        v1_0.youtube_music_url 
    from
        videos v1_0
2025-05-18T23:29:49.638+02:00  INFO 3880 --- [bitzomax] [           main] c.b.config.ApplicationStartupListener    : Fixed visibility for 0 videos during startup
2025-05-18T23:29:49.638+02:00  INFO 3880 --- [bitzomax] [           main] com.bitzomax.BitzomaxApplicationTests    : Started BitzomaxApplicationTests in 7.132 seconds (process running for 8.331)
]]></system-out>
    <system-err><![CDATA[Mockito is currently self-attaching to enable the inline-mock-maker. This will no longer work in future releases of the JDK. Please add Mockito as an agent to your build what is described in Mockito's documentation: https://javadoc.io/doc/org.mockito/mockito-core/latest/org/mockito/Mockito.html#0.3
WARNING: A Java agent has been loaded dynamically (C:\Users\31623\.m2\repository\net\bytebuddy\byte-buddy-agent\1.15.11\byte-buddy-agent-1.15.11.jar)
WARNING: If a serviceability tool is in use, please run with -XX:+EnableDynamicAgentLoading to hide this warning
WARNING: If a serviceability tool is not in use, please run with -Djdk.instrument.traceUsage for more information
WARNING: Dynamic loading of agents will be disallowed by default in a future release
]]></system-err>
  </testcase>
</testsuite>